11:12:00 09.10.2023 BaseTestClass: INFO - Chrome driver object is starting
11:12:01 09.10.2023 InternalLoggerFactory: DEBUG- Using Log4J2 as the default logging framework
11:12:01 09.10.2023 ResourceLeakDetector: DEBUG- -Dio.netty.leakDetection.level: simple
11:12:01 09.10.2023 ResourceLeakDetector: DEBUG- -Dio.netty.leakDetection.targetRecords: 4
11:12:01 09.10.2023 ResourceLeakDetectorFactory: DEBUG- Loaded default ResourceLeakDetector: io.netty.util.ResourceLeakDetector@40cb698e
11:12:01 09.10.2023 PlatformDependent0: DEBUG- -Dio.netty.noUnsafe: false
11:12:01 09.10.2023 PlatformDependent0: DEBUG- Java version: 17
11:12:01 09.10.2023 PlatformDependent0: DEBUG- sun.misc.Unsafe.theUnsafe: available
11:12:01 09.10.2023 PlatformDependent0: DEBUG- sun.misc.Unsafe.copyMemory: available
11:12:01 09.10.2023 PlatformDependent0: DEBUG- sun.misc.Unsafe.storeFence: available
11:12:01 09.10.2023 PlatformDependent0: DEBUG- java.nio.Buffer.address: available
11:12:01 09.10.2023 PlatformDependent0: DEBUG- direct buffer constructor: unavailable: Reflective setAccessible(true) disabled
11:12:01 09.10.2023 PlatformDependent0: DEBUG- java.nio.Bits.unaligned: available, true
11:12:01 09.10.2023 PlatformDependent0: DEBUG- jdk.internal.misc.Unsafe.allocateUninitializedArray(int): unavailable: class io.netty.util.internal.PlatformDependent0$7 cannot access class jdk.internal.misc.Unsafe (in module java.base) because module java.base does not export jdk.internal.misc to unnamed module @55d56113
11:12:01 09.10.2023 PlatformDependent0: DEBUG- java.nio.DirectByteBuffer.<init>(long, int): unavailable
11:12:01 09.10.2023 PlatformDependent: DEBUG- sun.misc.Unsafe: available
11:12:01 09.10.2023 PlatformDependent: DEBUG- maxDirectMemory: 4261412864 bytes (maybe)
11:12:01 09.10.2023 PlatformDependent: DEBUG- -Dio.netty.tmpdir: C:\Users\admin\AppData\Local\Temp (java.io.tmpdir)
11:12:01 09.10.2023 PlatformDependent: DEBUG- -Dio.netty.bitMode: 64 (sun.arch.data.model)
11:12:01 09.10.2023 PlatformDependent: DEBUG- Platform: Windows
11:12:01 09.10.2023 PlatformDependent: DEBUG- -Dio.netty.maxDirectMemory: -1 bytes
11:12:01 09.10.2023 PlatformDependent: DEBUG- -Dio.netty.uninitializedArrayAllocationThreshold: -1
11:12:01 09.10.2023 CleanerJava9: DEBUG- java.nio.ByteBuffer.cleaner(): available
11:12:01 09.10.2023 PlatformDependent: DEBUG- -Dio.netty.noPreferDirect: false
11:12:01 09.10.2023 PlatformDependent: DEBUG- org.jctools-core.MpscChunkedArrayQueue: available
11:12:01 09.10.2023 InternalThreadLocalMap: DEBUG- -Dio.netty.threadLocalMap.stringBuilder.initialSize: 1024
11:12:01 09.10.2023 InternalThreadLocalMap: DEBUG- -Dio.netty.threadLocalMap.stringBuilder.maxSize: 4096
11:12:01 09.10.2023 JdkSslContext: DEBUG- Default protocols (JDK): [TLSv1.3, TLSv1.2] 
11:12:01 09.10.2023 JdkSslContext: DEBUG- Default cipher suites (JDK): [TLS_ECDHE_ECDSA_WITH_AES_256_GCM_SHA384, TLS_ECDHE_ECDSA_WITH_AES_128_GCM_SHA256, TLS_ECDHE_RSA_WITH_AES_128_GCM_SHA256, TLS_ECDHE_RSA_WITH_AES_256_GCM_SHA384, TLS_ECDHE_RSA_WITH_AES_128_CBC_SHA, TLS_ECDHE_RSA_WITH_AES_256_CBC_SHA, TLS_RSA_WITH_AES_128_GCM_SHA256, TLS_RSA_WITH_AES_128_CBC_SHA, TLS_RSA_WITH_AES_256_CBC_SHA, TLS_AES_128_GCM_SHA256, TLS_AES_256_GCM_SHA384]
11:12:01 09.10.2023 MultithreadEventLoopGroup: DEBUG- -Dio.netty.eventLoopThreads: 16
11:12:01 09.10.2023 NioEventLoop: DEBUG- -Dio.netty.noKeySetOptimization: false
11:12:01 09.10.2023 NioEventLoop: DEBUG- -Dio.netty.selectorAutoRebuildThreshold: 512
11:12:01 09.10.2023 PooledByteBufAllocator: DEBUG- -Dio.netty.allocator.numHeapArenas: 16
11:12:01 09.10.2023 PooledByteBufAllocator: DEBUG- -Dio.netty.allocator.numDirectArenas: 16
11:12:01 09.10.2023 PooledByteBufAllocator: DEBUG- -Dio.netty.allocator.pageSize: 8192
11:12:01 09.10.2023 PooledByteBufAllocator: DEBUG- -Dio.netty.allocator.maxOrder: 9
11:12:01 09.10.2023 PooledByteBufAllocator: DEBUG- -Dio.netty.allocator.chunkSize: 4194304
11:12:01 09.10.2023 PooledByteBufAllocator: DEBUG- -Dio.netty.allocator.smallCacheSize: 256
11:12:01 09.10.2023 PooledByteBufAllocator: DEBUG- -Dio.netty.allocator.normalCacheSize: 64
11:12:01 09.10.2023 PooledByteBufAllocator: DEBUG- -Dio.netty.allocator.maxCachedBufferCapacity: 32768
11:12:01 09.10.2023 PooledByteBufAllocator: DEBUG- -Dio.netty.allocator.cacheTrimInterval: 8192
11:12:01 09.10.2023 PooledByteBufAllocator: DEBUG- -Dio.netty.allocator.cacheTrimIntervalMillis: 0
11:12:01 09.10.2023 PooledByteBufAllocator: DEBUG- -Dio.netty.allocator.useCacheForAllThreads: false
11:12:01 09.10.2023 PooledByteBufAllocator: DEBUG- -Dio.netty.allocator.maxCachedByteBuffersPerChunk: 1023
11:12:01 09.10.2023 ByteBufUtil: DEBUG- -Dio.netty.allocator.type: pooled
11:12:01 09.10.2023 ByteBufUtil: DEBUG- -Dio.netty.threadLocalDirectBufferSize: 0
11:12:01 09.10.2023 ByteBufUtil: DEBUG- -Dio.netty.maxThreadLocalCharBufferSize: 16384
11:12:02 09.10.2023 DefaultChannelId: DEBUG- -Dio.netty.processId: 21316 (auto-detected)
11:12:02 09.10.2023 NetUtil: DEBUG- -Djava.net.preferIPv4Stack: false
11:12:02 09.10.2023 NetUtil: DEBUG- -Djava.net.preferIPv6Addresses: false
11:12:02 09.10.2023 NetUtilInitializations: DEBUG- Loopback interface: lo (Software Loopback Interface 1, 127.0.0.1)
11:12:02 09.10.2023 NetUtil: DEBUG- Failed to get SOMAXCONN from sysctl and file \proc\sys\net\core\somaxconn. Default: 200
11:12:02 09.10.2023 DefaultChannelId: DEBUG- -Dio.netty.machineId: 00:ff:ea:ff:fe:f6:26:fb (auto-detected)
11:12:02 09.10.2023 AbstractByteBuf: DEBUG- -Dio.netty.buffer.checkAccessible: true
11:12:02 09.10.2023 AbstractByteBuf: DEBUG- -Dio.netty.buffer.checkBounds: true
11:12:02 09.10.2023 ResourceLeakDetectorFactory: DEBUG- Loaded default ResourceLeakDetector: io.netty.util.ResourceLeakDetector@6450a63f
11:12:02 09.10.2023 Recycler: DEBUG- -Dio.netty.recycler.maxCapacityPerThread: 4096
11:12:02 09.10.2023 Recycler: DEBUG- -Dio.netty.recycler.ratio: 8
11:12:02 09.10.2023 Recycler: DEBUG- -Dio.netty.recycler.chunkSize: 32
11:12:02 09.10.2023 Recycler: DEBUG- -Dio.netty.recycler.blocking: false
11:12:02 09.10.2023 Brotli: DEBUG- brotli4j not in the classpath; Brotli support will be unavailable.
11:12:02 09.10.2023 ThreadLocalRandom: DEBUG- -Dio.netty.initialSeedUniquifier: 0xe773bf7943b2ffec
11:12:08 09.10.2023 BasePage: DEBUG- [0;36mPage object of Home pageHomePage[0m
11:12:08 09.10.2023 BasePage: DEBUG- [0;36mPage object of Login pageLoginPage[0m
11:12:10 09.10.2023 BaseTestClass: INFO - [0;33mTest was finished[0m
